2022-04-15 15:41:41.6528                
 [INFO]  : ItemThread:获取物料信息。。。                
  ItemInfoThread.MainControl => ItemInfoManager.StartUpdate => Logger.Process               
 ------------------------------------------------
2022-04-15 15:41:55.7431                
 [INFO]  : 数量：0                
  <>c__DisplayClass8_0.<StartHuiZhuan>b__0 => HuiZhuanHelper.HuiZhuanTest => Logger.Process               
 ------------------------------------------------
2022-04-15 15:41:56.1507                
 [INFO]  : 从缓存区搬上二楼                
  HuiZhuanHelper.HuiZhuanTest => HuiZhuanHelper.HuiZhuan_Move => Logger.Process               
 ------------------------------------------------
2022-04-15 15:41:59.2963                
 [INFO]  : 数量：0                
  <>c__DisplayClass8_0.<StartHuiZhuan>b__0 => HuiZhuanHelper.HuiZhuanTest => Logger.Process               
 ------------------------------------------------
2022-04-15 15:41:59.3512                
 [INFO]  : 从缓存区搬上二楼                
  HuiZhuanHelper.HuiZhuanTest => HuiZhuanHelper.HuiZhuan_Move => Logger.Process               
 ------------------------------------------------
2022-04-15 15:42:02.4453                
 [INFO]  : 数量：0                
  <>c__DisplayClass8_0.<StartHuiZhuan>b__0 => HuiZhuanHelper.HuiZhuanTest => Logger.Process               
 ------------------------------------------------
2022-04-15 15:42:02.4832                
 [INFO]  : 从缓存区搬上二楼                
  HuiZhuanHelper.HuiZhuanTest => HuiZhuanHelper.HuiZhuan_Move => Logger.Process               
 ------------------------------------------------
2022-04-15 15:42:05.5718                
 [INFO]  : 数量：0                
  <>c__DisplayClass8_0.<StartHuiZhuan>b__0 => HuiZhuanHelper.HuiZhuanTest => Logger.Process               
 ------------------------------------------------
2022-04-15 15:42:05.6137                
 [INFO]  : 从缓存区搬上二楼                
  HuiZhuanHelper.HuiZhuanTest => HuiZhuanHelper.HuiZhuan_Move => Logger.Process               
 ------------------------------------------------
2022-04-15 15:42:08.6883                
 [INFO]  : 数量：0                
  <>c__DisplayClass8_0.<StartHuiZhuan>b__0 => HuiZhuanHelper.HuiZhuanTest => Logger.Process               
 ------------------------------------------------
2022-04-15 15:42:08.7431                
 [INFO]  : 从缓存区搬上二楼                
  HuiZhuanHelper.HuiZhuanTest => HuiZhuanHelper.HuiZhuan_Move => Logger.Process               
 ------------------------------------------------
2022-04-15 15:42:11.8550                
 [INFO]  : 数量：0                
  <>c__DisplayClass8_0.<StartHuiZhuan>b__0 => HuiZhuanHelper.HuiZhuanTest => Logger.Process               
 ------------------------------------------------
2022-04-15 15:42:11.8959                
 [INFO]  : 从缓存区搬上二楼                
  HuiZhuanHelper.HuiZhuanTest => HuiZhuanHelper.HuiZhuan_Move => Logger.Process               
 ------------------------------------------------
2022-04-15 15:42:14.9786                
 [INFO]  : 数量：0                
  <>c__DisplayClass8_0.<StartHuiZhuan>b__0 => HuiZhuanHelper.HuiZhuanTest => Logger.Process               
 ------------------------------------------------
2022-04-15 15:42:15.0155                
 [INFO]  : 从缓存区搬上二楼                
  HuiZhuanHelper.HuiZhuanTest => HuiZhuanHelper.HuiZhuan_Move => Logger.Process               
 ------------------------------------------------
2022-04-15 15:42:18.0901                
 [INFO]  : 数量：0                
  <>c__DisplayClass8_0.<StartHuiZhuan>b__0 => HuiZhuanHelper.HuiZhuanTest => Logger.Process               
 ------------------------------------------------
2022-04-15 15:42:18.1290                
 [INFO]  : 从缓存区搬上二楼                
  HuiZhuanHelper.HuiZhuanTest => HuiZhuanHelper.HuiZhuan_Move => Logger.Process               
 ------------------------------------------------
2022-04-15 15:42:21.2158                
 [INFO]  : 数量：0                
  <>c__DisplayClass8_0.<StartHuiZhuan>b__0 => HuiZhuanHelper.HuiZhuanTest => Logger.Process               
 ------------------------------------------------
2022-04-15 15:42:21.2787                
 [INFO]  : 从缓存区搬上二楼                
  HuiZhuanHelper.HuiZhuanTest => HuiZhuanHelper.HuiZhuan_Move => Logger.Process               
 ------------------------------------------------
2022-04-15 15:42:24.3826                
 [INFO]  : 数量：0                
  <>c__DisplayClass8_0.<StartHuiZhuan>b__0 => HuiZhuanHelper.HuiZhuanTest => Logger.Process               
 ------------------------------------------------
2022-04-15 15:42:24.4674                
 [INFO]  : 从缓存区搬上二楼                
  HuiZhuanHelper.HuiZhuanTest => HuiZhuanHelper.HuiZhuan_Move => Logger.Process               
 ------------------------------------------------
2022-04-15 15:42:27.5566                
 [INFO]  : 数量：0                
  <>c__DisplayClass8_0.<StartHuiZhuan>b__0 => HuiZhuanHelper.HuiZhuanTest => Logger.Process               
 ------------------------------------------------
2022-04-15 15:42:27.6105                
 [INFO]  : 从缓存区搬上二楼                
  HuiZhuanHelper.HuiZhuanTest => HuiZhuanHelper.HuiZhuan_Move => Logger.Process               
 ------------------------------------------------
2022-04-15 15:42:30.6828                
 [INFO]  : 数量：0                
  <>c__DisplayClass8_0.<StartHuiZhuan>b__0 => HuiZhuanHelper.HuiZhuanTest => Logger.Process               
 ------------------------------------------------
2022-04-15 15:42:30.7357                
 [INFO]  : 从缓存区搬上二楼                
  HuiZhuanHelper.HuiZhuanTest => HuiZhuanHelper.HuiZhuan_Move => Logger.Process               
 ------------------------------------------------
2022-04-15 15:42:33.8215                
 [INFO]  : 数量：0                
  <>c__DisplayClass8_0.<StartHuiZhuan>b__0 => HuiZhuanHelper.HuiZhuanTest => Logger.Process               
 ------------------------------------------------
2022-04-15 15:42:33.8644                
 [INFO]  : 从缓存区搬上二楼                
  HuiZhuanHelper.HuiZhuanTest => HuiZhuanHelper.HuiZhuan_Move => Logger.Process               
 ------------------------------------------------
2022-04-15 15:42:36.9540                
 [INFO]  : 数量：0                
  <>c__DisplayClass8_0.<StartHuiZhuan>b__0 => HuiZhuanHelper.HuiZhuanTest => Logger.Process               
 ------------------------------------------------
2022-04-15 15:42:37.0357                
 [INFO]  : 从缓存区搬上二楼                
  HuiZhuanHelper.HuiZhuanTest => HuiZhuanHelper.HuiZhuan_Move => Logger.Process               
 ------------------------------------------------
2022-04-15 15:42:40.1117                
 [INFO]  : 数量：0                
  <>c__DisplayClass8_0.<StartHuiZhuan>b__0 => HuiZhuanHelper.HuiZhuanTest => Logger.Process               
 ------------------------------------------------
2022-04-15 15:42:47.2010                
 [INFO]  : 从缓存区搬上二楼                
  HuiZhuanHelper.HuiZhuanTest => HuiZhuanHelper.HuiZhuan_Move => Logger.Process               
 ------------------------------------------------
2022-04-15 15:43:04.3038                
 [INFO]  : 数量：0                
  <>c__DisplayClass8_0.<StartHuiZhuan>b__0 => HuiZhuanHelper.HuiZhuanTest => Logger.Process               
 ------------------------------------------------
2022-04-15 15:43:14.6488                
 [INFO]  : 从缓存区搬上二楼                
  HuiZhuanHelper.HuiZhuanTest => HuiZhuanHelper.HuiZhuan_Move => Logger.Process               
 ------------------------------------------------
2022-04-15 15:52:13.6358                
 [INFO]  : ItemThread:获取物料信息。。。                
  ItemInfoThread.MainControl => ItemInfoManager.StartUpdate => Logger.Process               
 ------------------------------------------------
2022-04-15 15:52:49.5309                
 [INFO]  : 数量：0                
  <>c__DisplayClass8_0.<StartHuiZhuan>b__0 => HuiZhuanHelper.HuiZhuanTest => Logger.Process               
 ------------------------------------------------
2022-04-15 15:52:54.4147                
 [INFO]  : 从缓存区搬上二楼                
  HuiZhuanHelper.HuiZhuanTest => HuiZhuanHelper.HuiZhuan_Move => Logger.Process               
 ------------------------------------------------
2022-04-15 15:52:57.6060                
 [INFO]  : 数量：0                
  <>c__DisplayClass8_0.<StartHuiZhuan>b__0 => HuiZhuanHelper.HuiZhuanTest => Logger.Process               
 ------------------------------------------------
2022-04-15 15:53:26.1118                
 [INFO]  : 从缓存区搬上二楼                
  HuiZhuanHelper.HuiZhuanTest => HuiZhuanHelper.HuiZhuan_Move => Logger.Process               
 ------------------------------------------------
2022-04-15 15:55:17.5386                
 [INFO]  : 数量：0                
  <>c__DisplayClass8_0.<StartHuiZhuan>b__0 => HuiZhuanHelper.HuiZhuanTest => Logger.Process               
 ------------------------------------------------
2022-04-15 15:55:19.9619                
 [INFO]  : 从缓存区搬上二楼                
  HuiZhuanHelper.HuiZhuanTest => HuiZhuanHelper.HuiZhuan_Move => Logger.Process               
 ------------------------------------------------
2022-04-15 15:55:44.4678                
 [INFO]  : 数量：2                
  <>c__DisplayClass8_0.<StartHuiZhuan>b__0 => HuiZhuanHelper.HuiZhuanTest => Logger.Process               
 ------------------------------------------------
2022-04-15 15:55:47.4930                
 [INFO]  : 数量：2                
  <>c__DisplayClass8_0.<StartHuiZhuan>b__0 => HuiZhuanHelper.HuiZhuanTest => Logger.Process               
 ------------------------------------------------
2022-04-15 15:55:50.5277                
 [INFO]  : 数量：2                
  <>c__DisplayClass8_0.<StartHuiZhuan>b__0 => HuiZhuanHelper.HuiZhuanTest => Logger.Process               
 ------------------------------------------------
2022-04-15 15:55:53.5458                
 [INFO]  : 数量：2                
  <>c__DisplayClass8_0.<StartHuiZhuan>b__0 => HuiZhuanHelper.HuiZhuanTest => Logger.Process               
 ------------------------------------------------
2022-04-15 15:55:56.5649                
 [INFO]  : 数量：2                
  <>c__DisplayClass8_0.<StartHuiZhuan>b__0 => HuiZhuanHelper.HuiZhuanTest => Logger.Process               
 ------------------------------------------------
2022-04-15 15:55:59.5972                
 [INFO]  : 数量：2                
  <>c__DisplayClass8_0.<StartHuiZhuan>b__0 => HuiZhuanHelper.HuiZhuanTest => Logger.Process               
 ------------------------------------------------
