2022-08-15 13:55:25.2497                
 [INFO]  :  --成功发送到broker服务器CRMReturnWrite--                 
  ModelBase.HandleBasicAck => <>c__DisplayClass8_0.<CreateWorkQueue>b__1 => Logger.Process               
 ------------------------------------------------
2022-08-15 13:55:25.2677                
 [INFO]  :  --成功发送到broker服务器CRMReturnWrite--                 
  ModelBase.HandleBasicAck => <>c__DisplayClass8_0.<CreateWorkQueue>b__1 => Logger.Process               
 ------------------------------------------------
2022-08-15 13:55:25.2677                
 [INFO]  :  --成功发送到broker服务器CRMReturnWrite--                 
  ModelBase.HandleBasicAck => <>c__DisplayClass8_0.<CreateWorkQueue>b__1 => Logger.Process               
 ------------------------------------------------
2022-08-15 13:55:25.2677                
 [INFO]  :  --成功发送到broker服务器CRMReturnWrite--                 
  ModelBase.HandleBasicAck => <>c__DisplayClass8_0.<CreateWorkQueue>b__1 => Logger.Process               
 ------------------------------------------------
2022-08-15 13:55:25.2677                
 [INFO]  :  --成功发送到broker服务器CRMReturnWrite--                 
  ModelBase.HandleBasicAck => <>c__DisplayClass8_0.<CreateWorkQueue>b__1 => Logger.Process               
 ------------------------------------------------
2022-08-15 13:55:25.2677                
 [INFO]  :  --成功发送到broker服务器CRMReturnWrite--                 
  ModelBase.HandleBasicAck => <>c__DisplayClass8_0.<CreateWorkQueue>b__1 => Logger.Process               
 ------------------------------------------------
2022-08-15 13:55:25.2677                
 [INFO]  :  --成功发送到broker服务器CRMReturnWrite--                 
  ModelBase.HandleBasicAck => <>c__DisplayClass8_0.<CreateWorkQueue>b__1 => Logger.Process               
 ------------------------------------------------
2022-08-15 13:55:25.2677                
 [INFO]  :  --成功发送到broker服务器CRMReturnWrite--                 
  ModelBase.HandleBasicAck => <>c__DisplayClass8_0.<CreateWorkQueue>b__1 => Logger.Process               
 ------------------------------------------------
2022-08-15 13:55:25.2677                
 [INFO]  :  --成功发送到broker服务器CRMReturnWrite--                 
  ModelBase.HandleBasicAck => <>c__DisplayClass8_0.<CreateWorkQueue>b__1 => Logger.Process               
 ------------------------------------------------
2022-08-15 13:55:40.3972                
 [INFO]  :  --成功发送到broker服务器CRMReturnWrite--                 
  ModelBase.HandleBasicAck => <>c__DisplayClass8_0.<CreateWorkQueue>b__1 => Logger.Process               
 ------------------------------------------------
2022-08-15 13:55:40.3982                
 [INFO]  :  --成功发送到broker服务器CRMReturnWrite--                 
  ModelBase.HandleBasicAck => <>c__DisplayClass8_0.<CreateWorkQueue>b__1 => Logger.Process               
 ------------------------------------------------
2022-08-15 13:55:40.4199                
 [INFO]  :  --成功发送到broker服务器CRMReturnWrite--                 
  ModelBase.HandleBasicAck => <>c__DisplayClass8_0.<CreateWorkQueue>b__1 => Logger.Process               
 ------------------------------------------------
2022-08-15 13:55:40.4495                
 [INFO]  :  --成功发送到broker服务器CRMReturnWrite--                 
  ModelBase.HandleBasicAck => <>c__DisplayClass8_0.<CreateWorkQueue>b__1 => Logger.Process               
 ------------------------------------------------
2022-08-15 13:55:40.4499                
 [INFO]  :  --成功发送到broker服务器CRMReturnWrite--                 
  ModelBase.HandleBasicAck => <>c__DisplayClass8_0.<CreateWorkQueue>b__1 => Logger.Process               
 ------------------------------------------------
2022-08-15 13:55:40.4509                
 [INFO]  :  --成功发送到broker服务器CRMReturnWrite--                 
  ModelBase.HandleBasicAck => <>c__DisplayClass8_0.<CreateWorkQueue>b__1 => Logger.Process               
 ------------------------------------------------
2022-08-15 13:55:40.4940                
 [INFO]  :  --成功发送到broker服务器CRMReturnWrite--                 
  ModelBase.HandleBasicAck => <>c__DisplayClass8_0.<CreateWorkQueue>b__1 => Logger.Process               
 ------------------------------------------------
2022-08-15 13:55:40.5341                
 [INFO]  :  --成功发送到broker服务器CRMReturnWrite--                 
  ModelBase.HandleBasicAck => <>c__DisplayClass8_0.<CreateWorkQueue>b__1 => Logger.Process               
 ------------------------------------------------
2022-08-15 13:55:40.5710                
 [INFO]  :  --成功发送到broker服务器CRMReturnWrite--                 
  ModelBase.HandleBasicAck => <>c__DisplayClass8_0.<CreateWorkQueue>b__1 => Logger.Process               
 ------------------------------------------------
2022-08-15 13:55:40.5710                
 [INFO]  :  --成功发送到broker服务器CRMReturnWrite--                 
  ModelBase.HandleBasicAck => <>c__DisplayClass8_0.<CreateWorkQueue>b__1 => Logger.Process               
 ------------------------------------------------
2022-08-15 13:55:40.6069                
 [INFO]  :  --成功发送到broker服务器CRMReturnWrite--                 
  ModelBase.HandleBasicAck => <>c__DisplayClass8_0.<CreateWorkQueue>b__1 => Logger.Process               
 ------------------------------------------------
2022-08-15 13:55:40.6069                
 [INFO]  :  --成功发送到broker服务器CRMReturnWrite--                 
  ModelBase.HandleBasicAck => <>c__DisplayClass8_0.<CreateWorkQueue>b__1 => Logger.Process               
 ------------------------------------------------
2022-08-15 13:55:57.0884                
 [INFO]  :  --成功发送到broker服务器CRMReturnWrite--                 
  ModelBase.HandleBasicAck => <>c__DisplayClass8_0.<CreateWorkQueue>b__1 => Logger.Process               
 ------------------------------------------------
2022-08-15 13:55:57.0904                
 [INFO]  :  --成功发送到broker服务器CRMReturnWrite--                 
  ModelBase.HandleBasicAck => <>c__DisplayClass8_0.<CreateWorkQueue>b__1 => Logger.Process               
 ------------------------------------------------
2022-08-15 13:55:57.1209                
 [INFO]  :  --成功发送到broker服务器CRMReturnWrite--                 
  ModelBase.HandleBasicAck => <>c__DisplayClass8_0.<CreateWorkQueue>b__1 => Logger.Process               
 ------------------------------------------------
2022-08-15 13:55:57.1219                
 [INFO]  :  --成功发送到broker服务器CRMReturnWrite--                 
  ModelBase.HandleBasicAck => <>c__DisplayClass8_0.<CreateWorkQueue>b__1 => Logger.Process               
 ------------------------------------------------
2022-08-15 13:55:57.1229                
 [INFO]  :  --成功发送到broker服务器CRMReturnWrite--                 
  ModelBase.HandleBasicAck => <>c__DisplayClass8_0.<CreateWorkQueue>b__1 => Logger.Process               
 ------------------------------------------------
2022-08-15 13:55:57.1599                
 [INFO]  :  --成功发送到broker服务器CRMReturnWrite--                 
  ModelBase.HandleBasicAck => <>c__DisplayClass8_0.<CreateWorkQueue>b__1 => Logger.Process               
 ------------------------------------------------
2022-08-15 13:55:57.1599                
 [INFO]  :  --成功发送到broker服务器CRMReturnWrite--                 
  ModelBase.HandleBasicAck => <>c__DisplayClass8_0.<CreateWorkQueue>b__1 => Logger.Process               
 ------------------------------------------------
2022-08-15 13:55:57.1917                
 [INFO]  :  --成功发送到broker服务器CRMReturnWrite--                 
  ModelBase.HandleBasicAck => <>c__DisplayClass8_0.<CreateWorkQueue>b__1 => Logger.Process               
 ------------------------------------------------
2022-08-15 13:55:57.1917                
 [INFO]  :  --成功发送到broker服务器CRMReturnWrite--                 
  ModelBase.HandleBasicAck => <>c__DisplayClass8_0.<CreateWorkQueue>b__1 => Logger.Process               
 ------------------------------------------------
2022-08-15 13:55:57.2292                
 [INFO]  :  --成功发送到broker服务器CRMReturnWrite--                 
  ModelBase.HandleBasicAck => <>c__DisplayClass8_0.<CreateWorkQueue>b__1 => Logger.Process               
 ------------------------------------------------
2022-08-15 13:55:57.2292                
 [INFO]  :  --成功发送到broker服务器CRMReturnWrite--                 
  ModelBase.HandleBasicAck => <>c__DisplayClass8_0.<CreateWorkQueue>b__1 => Logger.Process               
 ------------------------------------------------
2022-08-15 13:55:57.2695                
 [INFO]  :  --成功发送到broker服务器CRMReturnWrite--                 
  ModelBase.HandleBasicAck => <>c__DisplayClass8_0.<CreateWorkQueue>b__1 => Logger.Process               
 ------------------------------------------------
2022-08-15 13:55:57.3031                
 [INFO]  :  --成功发送到broker服务器CRMReturnWrite--                 
  ModelBase.HandleBasicAck => <>c__DisplayClass8_0.<CreateWorkQueue>b__1 => Logger.Process               
 ------------------------------------------------
2022-08-15 13:55:57.3041                
 [INFO]  :  --成功发送到broker服务器CRMReturnWrite--                 
  ModelBase.HandleBasicAck => <>c__DisplayClass8_0.<CreateWorkQueue>b__1 => Logger.Process               
 ------------------------------------------------
2022-08-15 13:56:39.4576                
 [INFO]  : 下推排产单失败：
System.Data.Entity.Validation.DbEntityValidationException: Validation failed for one or more entities. See 'EntityValidationErrors' property for more details.
   在 System.Data.Entity.Internal.InternalContext.SaveChanges()
   在 NanXingData_WMS.DaoUtils.DbBase`1.SaveChanges() 位置 D:\项目\南兴果仁\南兴果仁WMS智能仓储管理系统\NanXingData_WMS\DaoUtils\DbBase.cs:行号 1376
   在 NanXingService_WMS.Services.ProductOrderManager.AddProOrder(ProductOrderheaders pro) 位置 D:\项目\南兴果仁\南兴果仁WMS智能仓储管理系统\NaXingService_WMS\Managers\ProductOrderManager.cs:行号 679
   在 NanXingService_WMS.Services.ProductOrderManager.PushToProOrder(String orderNo, List`1 planList, String position, String updateUser, DateTime planDate, String planTime) 位置 D:\项目\南兴果仁\南兴果仁WMS智能仓储管理系统\NaXingService_WMS\Managers\ProductOrderManager.cs:行号 563                
  PlanToProConfirm.btnSubmit_Click => ProductOrderManager.PushToProOrder => Logger.Process               
 ------------------------------------------------
2022-08-15 13:57:22.5561                
 [INFO]  : 下推排产单失败：
System.Data.Entity.Validation.DbEntityValidationException: Validation failed for one or more entities. See 'EntityValidationErrors' property for more details.
   在 System.Data.Entity.Internal.InternalContext.SaveChanges()
   在 NanXingData_WMS.DaoUtils.DbBase`1.SaveChanges() 位置 D:\项目\南兴果仁\南兴果仁WMS智能仓储管理系统\NanXingData_WMS\DaoUtils\DbBase.cs:行号 1376
   在 NanXingService_WMS.Services.ProductOrderManager.AddProOrder(ProductOrderheaders pro) 位置 D:\项目\南兴果仁\南兴果仁WMS智能仓储管理系统\NaXingService_WMS\Managers\ProductOrderManager.cs:行号 679
   在 NanXingService_WMS.Services.ProductOrderManager.PushToProOrder(String orderNo, List`1 planList, String position, String updateUser, DateTime planDate, String planTime) 位置 D:\项目\南兴果仁\南兴果仁WMS智能仓储管理系统\NaXingService_WMS\Managers\ProductOrderManager.cs:行号 563                
  PlanToProConfirm.btnSubmit_Click => ProductOrderManager.PushToProOrder => Logger.Process               
 ------------------------------------------------
2022-08-15 13:58:41.3768                
 [INFO]  : 下推排产单失败：
System.Data.Entity.Validation.DbEntityValidationException: Validation failed for one or more entities. See 'EntityValidationErrors' property for more details.
   在 System.Data.Entity.Internal.InternalContext.SaveChanges()
   在 NanXingData_WMS.DaoUtils.DbBase`1.SaveChanges() 位置 D:\项目\南兴果仁\南兴果仁WMS智能仓储管理系统\NanXingData_WMS\DaoUtils\DbBase.cs:行号 1376
   在 NanXingService_WMS.Services.ProductOrderManager.AddProOrder(ProductOrderheaders pro) 位置 D:\项目\南兴果仁\南兴果仁WMS智能仓储管理系统\NaXingService_WMS\Managers\ProductOrderManager.cs:行号 679
   在 NanXingService_WMS.Services.ProductOrderManager.PushToProOrder(String orderNo, List`1 planList, String position, String updateUser, DateTime planDate, String planTime) 位置 D:\项目\南兴果仁\南兴果仁WMS智能仓储管理系统\NaXingService_WMS\Managers\ProductOrderManager.cs:行号 563                
  PlanToProConfirm.btnSubmit_Click => ProductOrderManager.PushToProOrder => Logger.Process               
 ------------------------------------------------
2022-08-15 14:00:22.0140                
 [DEBUG]  : ID：83:S20220815004                
  PlanToProConfirm.btnSubmit_Click => ProductOrderManager.PushToProOrder => Logger.Process               
 ------------------------------------------------
2022-08-15 14:00:22.0600                
 [INFO]  :  --成功发送到broker服务器CRMReturnWrite--                 
  ModelBase.HandleBasicAck => <>c__DisplayClass8_0.<CreateWorkQueue>b__1 => Logger.Process               
 ------------------------------------------------
2022-08-15 14:00:22.0624                
 [INFO]  :  --成功发送到broker服务器CRMReturnWrite--                 
  ModelBase.HandleBasicAck => <>c__DisplayClass8_0.<CreateWorkQueue>b__1 => Logger.Process               
 ------------------------------------------------
2022-08-15 14:01:30.8371                
 [DEBUG]  : ID：84:S20220815005                
  PlanToProConfirm.btnSubmit_Click => ProductOrderManager.PushToProOrder => Logger.Process               
 ------------------------------------------------
2022-08-15 14:01:30.8814                
 [INFO]  :  --成功发送到broker服务器CRMReturnWrite--                 
  ModelBase.HandleBasicAck => <>c__DisplayClass8_0.<CreateWorkQueue>b__1 => Logger.Process               
 ------------------------------------------------
2022-08-15 14:01:30.8844                
 [INFO]  :  --成功发送到broker服务器CRMReturnWrite--                 
  ModelBase.HandleBasicAck => <>c__DisplayClass8_0.<CreateWorkQueue>b__1 => Logger.Process               
 ------------------------------------------------
2022-08-15 14:01:58.4254                
 [INFO]  :  --成功发送到broker服务器CRMReturnWrite--                 
  ModelBase.HandleBasicAck => <>c__DisplayClass8_0.<CreateWorkQueue>b__1 => Logger.Process               
 ------------------------------------------------
2022-08-15 14:01:58.4568                
 [INFO]  :  --成功发送到broker服务器CRMReturnWrite--                 
  ModelBase.HandleBasicAck => <>c__DisplayClass8_0.<CreateWorkQueue>b__1 => Logger.Process               
 ------------------------------------------------
2022-08-15 14:01:58.4588                
 [INFO]  :  --成功发送到broker服务器CRMReturnWrite--                 
  ModelBase.HandleBasicAck => <>c__DisplayClass8_0.<CreateWorkQueue>b__1 => Logger.Process               
 ------------------------------------------------
2022-08-15 14:01:58.4789                
 [INFO]  :  --成功发送到broker服务器CRMReturnWrite--                 
  ModelBase.HandleBasicAck => <>c__DisplayClass8_0.<CreateWorkQueue>b__1 => Logger.Process               
 ------------------------------------------------
2022-08-15 14:01:58.4839                
 [INFO]  :  --成功发送到broker服务器CRMReturnWrite--                 
  ModelBase.HandleBasicAck => <>c__DisplayClass8_0.<CreateWorkQueue>b__1 => Logger.Process               
 ------------------------------------------------
2022-08-15 14:01:58.5182                
 [INFO]  :  --成功发送到broker服务器CRMReturnWrite--                 
  ModelBase.HandleBasicAck => <>c__DisplayClass8_0.<CreateWorkQueue>b__1 => Logger.Process               
 ------------------------------------------------
2022-08-15 14:01:58.5192                
 [INFO]  :  --成功发送到broker服务器CRMReturnWrite--                 
  ModelBase.HandleBasicAck => <>c__DisplayClass8_0.<CreateWorkQueue>b__1 => Logger.Process               
 ------------------------------------------------
2022-08-15 14:01:58.5395                
 [INFO]  :  --成功发送到broker服务器CRMReturnWrite--                 
  ModelBase.HandleBasicAck => <>c__DisplayClass8_0.<CreateWorkQueue>b__1 => Logger.Process               
 ------------------------------------------------
2022-08-15 14:01:58.6036                
 [INFO]  :  --成功发送到broker服务器CRMReturnWrite--                 
  ModelBase.HandleBasicAck => <>c__DisplayClass8_0.<CreateWorkQueue>b__1 => Logger.Process               
 ------------------------------------------------
2022-08-15 14:01:58.6036                
 [INFO]  :  --成功发送到broker服务器CRMReturnWrite--                 
  ModelBase.HandleBasicAck => <>c__DisplayClass8_0.<CreateWorkQueue>b__1 => Logger.Process               
 ------------------------------------------------
2022-08-15 14:01:58.6173                
 [INFO]  :  --成功发送到broker服务器CRMReturnWrite--                 
  ModelBase.HandleBasicAck => <>c__DisplayClass8_0.<CreateWorkQueue>b__1 => Logger.Process               
 ------------------------------------------------
2022-08-15 14:01:58.6580                
 [INFO]  :  --成功发送到broker服务器CRMReturnWrite--                 
  ModelBase.HandleBasicAck => <>c__DisplayClass8_0.<CreateWorkQueue>b__1 => Logger.Process               
 ------------------------------------------------
2022-08-15 14:01:58.6691                
 [INFO]  :  --成功发送到broker服务器CRMReturnWrite--                 
  ModelBase.HandleBasicAck => <>c__DisplayClass8_0.<CreateWorkQueue>b__1 => Logger.Process               
 ------------------------------------------------
2022-08-15 14:01:58.6741                
 [INFO]  :  --成功发送到broker服务器CRMReturnWrite--                 
  ModelBase.HandleBasicAck => <>c__DisplayClass8_0.<CreateWorkQueue>b__1 => Logger.Process               
 ------------------------------------------------
2022-08-15 14:01:58.7466                
 [INFO]  :  --成功发送到broker服务器CRMReturnWrite--                 
  ModelBase.HandleBasicAck => <>c__DisplayClass8_0.<CreateWorkQueue>b__1 => Logger.Process               
 ------------------------------------------------
2022-08-15 14:01:58.7884                
 [INFO]  :  --成功发送到broker服务器CRMReturnWrite--                 
  ModelBase.HandleBasicAck => <>c__DisplayClass8_0.<CreateWorkQueue>b__1 => Logger.Process               
 ------------------------------------------------
2022-08-15 14:01:58.8069                
 [INFO]  :  --成功发送到broker服务器CRMReturnWrite--                 
  ModelBase.HandleBasicAck => <>c__DisplayClass8_0.<CreateWorkQueue>b__1 => Logger.Process               
 ------------------------------------------------
2022-08-15 14:01:58.8221                
 [INFO]  :  --成功发送到broker服务器CRMReturnWrite--                 
  ModelBase.HandleBasicAck => <>c__DisplayClass8_0.<CreateWorkQueue>b__1 => Logger.Process               
 ------------------------------------------------
2022-08-15 14:01:58.8681                
 [INFO]  :  --成功发送到broker服务器CRMReturnWrite--                 
  ModelBase.HandleBasicAck => <>c__DisplayClass8_0.<CreateWorkQueue>b__1 => Logger.Process               
 ------------------------------------------------
2022-08-15 14:01:58.8691                
 [INFO]  :  --成功发送到broker服务器CRMReturnWrite--                 
  ModelBase.HandleBasicAck => <>c__DisplayClass8_0.<CreateWorkQueue>b__1 => Logger.Process               
 ------------------------------------------------
2022-08-15 14:02:09.6012                
 [INFO]  :  --成功发送到broker服务器CRMReturnWrite--                 
  ModelBase.HandleBasicAck => <>c__DisplayClass8_0.<CreateWorkQueue>b__1 => Logger.Process               
 ------------------------------------------------
2022-08-15 14:02:09.6146                
 [INFO]  :  --成功发送到broker服务器CRMReturnWrite--                 
  ModelBase.HandleBasicAck => <>c__DisplayClass8_0.<CreateWorkQueue>b__1 => Logger.Process               
 ------------------------------------------------
2022-08-15 14:02:09.6382                
 [INFO]  :  --成功发送到broker服务器CRMReturnWrite--                 
  ModelBase.HandleBasicAck => <>c__DisplayClass8_0.<CreateWorkQueue>b__1 => Logger.Process               
 ------------------------------------------------
2022-08-15 14:02:09.6650                
 [INFO]  :  --成功发送到broker服务器CRMReturnWrite--                 
  ModelBase.HandleBasicAck => <>c__DisplayClass8_0.<CreateWorkQueue>b__1 => Logger.Process               
 ------------------------------------------------
2022-08-15 14:02:09.6712                
 [INFO]  :  --成功发送到broker服务器CRMReturnWrite--                 
  ModelBase.HandleBasicAck => <>c__DisplayClass8_0.<CreateWorkQueue>b__1 => Logger.Process               
 ------------------------------------------------
2022-08-15 14:02:09.7072                
 [INFO]  :  --成功发送到broker服务器CRMReturnWrite--                 
  ModelBase.HandleBasicAck => <>c__DisplayClass8_0.<CreateWorkQueue>b__1 => Logger.Process               
 ------------------------------------------------
2022-08-15 14:02:09.7173                
 [INFO]  :  --成功发送到broker服务器CRMReturnWrite--                 
  ModelBase.HandleBasicAck => <>c__DisplayClass8_0.<CreateWorkQueue>b__1 => Logger.Process               
 ------------------------------------------------
2022-08-15 14:02:09.7385                
 [INFO]  :  --成功发送到broker服务器CRMReturnWrite--                 
  ModelBase.HandleBasicAck => <>c__DisplayClass8_0.<CreateWorkQueue>b__1 => Logger.Process               
 ------------------------------------------------
2022-08-15 14:02:09.7753                
 [INFO]  :  --成功发送到broker服务器CRMReturnWrite--                 
  ModelBase.HandleBasicAck => <>c__DisplayClass8_0.<CreateWorkQueue>b__1 => Logger.Process               
 ------------------------------------------------
2022-08-15 14:02:09.7767                
 [INFO]  :  --成功发送到broker服务器CRMReturnWrite--                 
  ModelBase.HandleBasicAck => <>c__DisplayClass8_0.<CreateWorkQueue>b__1 => Logger.Process               
 ------------------------------------------------
2022-08-15 14:02:09.8211                
 [INFO]  :  --成功发送到broker服务器CRMReturnWrite--                 
  ModelBase.HandleBasicAck => <>c__DisplayClass8_0.<CreateWorkQueue>b__1 => Logger.Process               
 ------------------------------------------------
2022-08-15 14:02:09.8211                
 [INFO]  :  --成功发送到broker服务器CRMReturnWrite--                 
  ModelBase.HandleBasicAck => <>c__DisplayClass8_0.<CreateWorkQueue>b__1 => Logger.Process               
 ------------------------------------------------
2022-08-15 14:02:09.8326                
 [INFO]  :  --成功发送到broker服务器CRMReturnWrite--                 
  ModelBase.HandleBasicAck => <>c__DisplayClass8_0.<CreateWorkQueue>b__1 => Logger.Process               
 ------------------------------------------------
2022-08-15 14:02:09.8545                
 [INFO]  :  --成功发送到broker服务器CRMReturnWrite--                 
  ModelBase.HandleBasicAck => <>c__DisplayClass8_0.<CreateWorkQueue>b__1 => Logger.Process               
 ------------------------------------------------
2022-08-15 14:02:09.8691                
 [INFO]  :  --成功发送到broker服务器CRMReturnWrite--                 
  ModelBase.HandleBasicAck => <>c__DisplayClass8_0.<CreateWorkQueue>b__1 => Logger.Process               
 ------------------------------------------------
