2022-09-08 10:48:18.0175                
 [INFO]  : 配置更改:ConnMultiplexer_ConfigurationChanged: 114.115.152.192:6379                
  ConnectionMultiplexer.TryCompleteHandler => RedisHelper.ConnMultiplexer_ConfigurationChanged => Logger.Process               
 ------------------------------------------------
2022-09-08 10:48:18.0175                
 [INFO]  : 配置更改:ConnMultiplexer_ConfigurationChanged: 114.115.152.192:6379                
  ConnectionMultiplexer.TryCompleteHandler => RedisHelper.ConnMultiplexer_ConfigurationChanged => Logger.Process               
 ------------------------------------------------
2022-09-08 10:48:18.0175                
 [INFO]  : ConnMultiplexer_ConnectionRestored:                 
  ConnectionMultiplexer.TryCompleteHandler => RedisHelper.ConnMultiplexer_ConnectionRestored => Logger.Process               
 ------------------------------------------------
2022-09-08 10:48:18.0175                
 [ERROR]  : ConnMultiplexer_ConnectionFailed: StackExchange.Redis.RedisConnectionException: SocketFailure (ReadSocketError/TimedOut, last-recv: 79) on 114.115.152.192:6379/Subscription, Idle/Faulted, last: PING, origin: ReadFromPipe, outstanding: 1, last-read: 82s ago, last-write: 21s ago, unanswered-write: 21s ago, keep-alive: 60s, state: ConnectedEstablished, mgr: 9 of 10 available, in: 0, in-pipe: 0, out-pipe: 0, last-heartbeat: 0s ago, last-mbeat: 0s ago, global: 0s ago, v: 2.5.43.42402 ---> System.Net.Sockets.SocketException: 由于连接方在一段时间后没有正确答复或连接的主机没有反应，连接尝试失败。
   在 Pipelines.Sockets.Unofficial.Internal.Throw.Socket(Int32 errorCode)
   在 Pipelines.Sockets.Unofficial.SocketAwaitableEventArgs.GetResult()
   在 Pipelines.Sockets.Unofficial.SocketConnection.<DoReceiveAsync>d__73.MoveNext()
--- 引发异常的上一位置中堆栈跟踪的末尾 ---
   在 System.Runtime.ExceptionServices.ExceptionDispatchInfo.Throw()
   在 System.IO.Pipelines.PipeCompletion.ThrowLatchedException()
   在 System.IO.Pipelines.Pipe.GetReadResult(ReadResult& result)
   在 System.IO.Pipelines.Pipe.GetReadAsyncResult()
   在 StackExchange.Redis.PhysicalConnection.<ReadFromPipe>d__115.MoveNext()
   --- 内部异常堆栈跟踪的结尾 ---                
  ConnectionMultiplexer.TryCompleteHandler => RedisHelper.ConnMultiplexer_ConnectionFailed => Logger.Process               
 ------------------------------------------------
