2022-01-10 19:48:22.3259                
 [ERROR] AGVApi: : JWT.Exceptions.InvalidTokenPartsException: Token must consist of 3 delimited by dot parts.
参数名: token
   在 JWT.JwtParts..ctor(String token)
   在 JWT.JwtDecoderExtensions.Decode(IJwtDecoder decoder, String token, String key, Boolean verify)
   在 WCSApi.Filter.ApiAuthorizeFilter.ValidateJWT(String token, String& payload, String& message)
   在 WCSApi.Filter.ApiAuthorizeFilter.OnAuthorization(HttpActionContext actionContext)
   在 System.Web.Http.Filters.AuthorizationFilterAttribute.OnAuthorizationAsync(HttpActionContext actionContext, CancellationToken cancellationToken)
--- 引发异常的上一位置中堆栈跟踪的末尾 ---
   在 System.Runtime.CompilerServices.TaskAwaiter.ThrowForNonSuccess(Task task)
   在 System.Runtime.CompilerServices.TaskAwaiter.HandleNonSuccessAndDebuggerNotification(Task task)
   在 System.Web.Http.Filters.AuthorizationFilterAttribute.<ExecuteAuthorizationFilterAsyncCore>d__3.MoveNext()
--- 引发异常的上一位置中堆栈跟踪的末尾 ---
   在 System.Runtime.CompilerServices.TaskAwaiter.ThrowForNonSuccess(Task task)
   在 System.Runtime.CompilerServices.TaskAwaiter.HandleNonSuccessAndDebuggerNotification(Task task)
   在 System.Web.Http.Controllers.ExceptionFilterResult.<ExecuteAsync>d__6.MoveNext()                
  ExceptionFilterAttribute.OnExceptionAsync => ExceptionFilter.OnException => Logger.Process               
 ------------------------------------------------
2022-01-10 19:56:21.3301                
 [ERROR] AGVApi: : JWT.Exceptions.InvalidTokenPartsException: Token must consist of 3 delimited by dot parts.
参数名: token
   在 JWT.JwtParts..ctor(String token)
   在 JWT.JwtDecoderExtensions.Decode(IJwtDecoder decoder, String token, String key, Boolean verify)
   在 WCSApi.Filter.ApiAuthorizeAttribute.ValidateJWT(String token, String& payload, String& message) 位置 F:\项目\南兴果仁\南兴果仁WMS智能仓储管理系统\WCSApi\Filter\ApiAuthorizeAttribute.cs:行号 141
   在 WCSApi.Filter.ApiAuthorizeAttribute.OnAuthorization(HttpActionContext actionContext) 位置 F:\项目\南兴果仁\南兴果仁WMS智能仓储管理系统\WCSApi\Filter\ApiAuthorizeAttribute.cs:行号 110
   在 System.Web.Http.Filters.AuthorizationFilterAttribute.OnAuthorizationAsync(HttpActionContext actionContext, CancellationToken cancellationToken)
--- 引发异常的上一位置中堆栈跟踪的末尾 ---
   在 System.Runtime.CompilerServices.TaskAwaiter.ThrowForNonSuccess(Task task)
   在 System.Runtime.CompilerServices.TaskAwaiter.HandleNonSuccessAndDebuggerNotification(Task task)
   在 System.Web.Http.Filters.AuthorizationFilterAttribute.<ExecuteAuthorizationFilterAsyncCore>d__3.MoveNext()
--- 引发异常的上一位置中堆栈跟踪的末尾 ---
   在 System.Runtime.CompilerServices.TaskAwaiter.ThrowForNonSuccess(Task task)
   在 System.Runtime.CompilerServices.TaskAwaiter.HandleNonSuccessAndDebuggerNotification(Task task)
   在 System.Web.Http.Controllers.ExceptionFilterResult.<ExecuteAsync>d__6.MoveNext()                
  ExceptionFilterAttribute.OnExceptionAsync => ExceptionFilter.OnException => Logger.Process               
 ------------------------------------------------
2022-01-10 19:58:02.7404                
 [ERROR] AGVApi: : JWT.Exceptions.InvalidTokenPartsException: Token must consist of 3 delimited by dot parts.
参数名: token
   在 JWT.JwtParts..ctor(String token)
   在 JWT.JwtDecoderExtensions.Decode(IJwtDecoder decoder, String token, String key, Boolean verify)
   在 WCSApi.Filter.ApiAuthorizeAttribute.ValidateJWT(String token, String& payload, String& message)
   在 WCSApi.Filter.ApiAuthorizeAttribute.OnAuthorization(HttpActionContext actionContext)
   在 System.Web.Http.Filters.AuthorizationFilterAttribute.OnAuthorizationAsync(HttpActionContext actionContext, CancellationToken cancellationToken)
--- 引发异常的上一位置中堆栈跟踪的末尾 ---
   在 System.Runtime.CompilerServices.TaskAwaiter.ThrowForNonSuccess(Task task)
   在 System.Runtime.CompilerServices.TaskAwaiter.HandleNonSuccessAndDebuggerNotification(Task task)
   在 System.Web.Http.Filters.AuthorizationFilterAttribute.<ExecuteAuthorizationFilterAsyncCore>d__3.MoveNext()
--- 引发异常的上一位置中堆栈跟踪的末尾 ---
   在 System.Runtime.CompilerServices.TaskAwaiter.ThrowForNonSuccess(Task task)
   在 System.Runtime.CompilerServices.TaskAwaiter.HandleNonSuccessAndDebuggerNotification(Task task)
   在 System.Web.Http.Controllers.ExceptionFilterResult.<ExecuteAsync>d__6.MoveNext()                
  ExceptionFilterAttribute.OnExceptionAsync => ExceptionFilter.OnException => Logger.Process               
 ------------------------------------------------
2022-01-10 19:58:33.3937                
 [ERROR] AGVApi: : JWT.Exceptions.InvalidTokenPartsException: Token must consist of 3 delimited by dot parts.
参数名: token
   在 JWT.JwtParts..ctor(String token)
   在 JWT.JwtDecoderExtensions.Decode(IJwtDecoder decoder, String token, String key, Boolean verify)
   在 WCSApi.Filter.ApiAuthorizeAttribute.ValidateJWT(String token, String& payload, String& message)
   在 WCSApi.Filter.ApiAuthorizeAttribute.OnAuthorization(HttpActionContext actionContext)
   在 System.Web.Http.Filters.AuthorizationFilterAttribute.OnAuthorizationAsync(HttpActionContext actionContext, CancellationToken cancellationToken)
--- 引发异常的上一位置中堆栈跟踪的末尾 ---
   在 System.Runtime.CompilerServices.TaskAwaiter.ThrowForNonSuccess(Task task)
   在 System.Runtime.CompilerServices.TaskAwaiter.HandleNonSuccessAndDebuggerNotification(Task task)
   在 System.Web.Http.Filters.AuthorizationFilterAttribute.<ExecuteAuthorizationFilterAsyncCore>d__3.MoveNext()
--- 引发异常的上一位置中堆栈跟踪的末尾 ---
   在 System.Runtime.CompilerServices.TaskAwaiter.ThrowForNonSuccess(Task task)
   在 System.Runtime.CompilerServices.TaskAwaiter.HandleNonSuccessAndDebuggerNotification(Task task)
   在 System.Web.Http.Controllers.ExceptionFilterResult.<ExecuteAsync>d__6.MoveNext()                
  ExceptionFilterAttribute.OnExceptionAsync => ExceptionFilter.OnException => Logger.Process               
 ------------------------------------------------
2022-01-10 19:58:40.5917                
 [ERROR] AGVApi: : JWT.Exceptions.InvalidTokenPartsException: Token must consist of 3 delimited by dot parts.
参数名: token
   在 JWT.JwtParts..ctor(String token)
   在 JWT.JwtDecoderExtensions.Decode(IJwtDecoder decoder, String token, String key, Boolean verify)
   在 WCSApi.Filter.ApiAuthorizeAttribute.ValidateJWT(String token, String& payload, String& message)
   在 WCSApi.Filter.ApiAuthorizeAttribute.OnAuthorization(HttpActionContext actionContext)
   在 System.Web.Http.Filters.AuthorizationFilterAttribute.OnAuthorizationAsync(HttpActionContext actionContext, CancellationToken cancellationToken)
--- 引发异常的上一位置中堆栈跟踪的末尾 ---
   在 System.Runtime.CompilerServices.TaskAwaiter.ThrowForNonSuccess(Task task)
   在 System.Runtime.CompilerServices.TaskAwaiter.HandleNonSuccessAndDebuggerNotification(Task task)
   在 System.Web.Http.Filters.AuthorizationFilterAttribute.<ExecuteAuthorizationFilterAsyncCore>d__3.MoveNext()
--- 引发异常的上一位置中堆栈跟踪的末尾 ---
   在 System.Runtime.CompilerServices.TaskAwaiter.ThrowForNonSuccess(Task task)
   在 System.Runtime.CompilerServices.TaskAwaiter.HandleNonSuccessAndDebuggerNotification(Task task)
   在 System.Web.Http.Controllers.ExceptionFilterResult.<ExecuteAsync>d__6.MoveNext()                
  ExceptionFilterAttribute.OnExceptionAsync => ExceptionFilter.OnException => Logger.Process               
 ------------------------------------------------
2022-01-10 20:00:10.1738                
 [ERROR] AGVApi: : JWT.Exceptions.InvalidTokenPartsException: Token must consist of 3 delimited by dot parts.
参数名: token
   在 JWT.JwtParts..ctor(String token)
   在 JWT.JwtDecoderExtensions.Decode(IJwtDecoder decoder, String token, String key, Boolean verify)
   在 WCSApi.Filter.ApiAuthorizeAttribute.ValidateJWT(String token, String& payload, String& message)
   在 WCSApi.Filter.ApiAuthorizeAttribute.OnAuthorization(HttpActionContext actionContext)
   在 System.Web.Http.Filters.AuthorizationFilterAttribute.OnAuthorizationAsync(HttpActionContext actionContext, CancellationToken cancellationToken)
--- 引发异常的上一位置中堆栈跟踪的末尾 ---
   在 System.Runtime.CompilerServices.TaskAwaiter.ThrowForNonSuccess(Task task)
   在 System.Runtime.CompilerServices.TaskAwaiter.HandleNonSuccessAndDebuggerNotification(Task task)
   在 System.Web.Http.Filters.AuthorizationFilterAttribute.<ExecuteAuthorizationFilterAsyncCore>d__3.MoveNext()
--- 引发异常的上一位置中堆栈跟踪的末尾 ---
   在 System.Runtime.CompilerServices.TaskAwaiter.ThrowForNonSuccess(Task task)
   在 System.Runtime.CompilerServices.TaskAwaiter.HandleNonSuccessAndDebuggerNotification(Task task)
   在 System.Web.Http.Controllers.ExceptionFilterResult.<ExecuteAsync>d__6.MoveNext()                
  ExceptionFilterAttribute.OnExceptionAsync => ExceptionFilter.OnException => Logger.Process               
 ------------------------------------------------
