2022年2月12日 14:12:53

ZipExtractor started with following command line arguments.
[0] F:\项目\南兴果仁\南兴果仁WMS智能仓储管理系统\FuJianApp\bin\Debug\ZipExtractor.exe
[1] F:\项目\南兴果仁\南兴果仁WMS智能仓储管理系统\FuJianApp\bin\Debug\FineUIPro.lic.dep.192_168_1_118.0c-96-e6-08-90-17.zip
[2] F:\项目\南兴果仁\南兴果仁WMS智能仓储管理系统\FuJianApp\bin\Debug
[3] F:\项目\南兴果仁\南兴果仁WMS智能仓储管理系统\FuJianApp\bin\Debug\NanXingCangKu.exe

Waiting for application process to exit...
BackgroundWorker started successfully.
Found total of 1 files and folders inside the zip file.
Extracting FineUIPro.lic.dep.192_168_1_118.0c-96-e6-08-90-17.config [100%]
Successfully launched the updated application.


2022年2月12日 14:13:15

ZipExtractor started with following command line arguments.
[0] F:\项目\南兴果仁\南兴果仁WMS智能仓储管理系统\FuJianApp\bin\Debug\ZipExtractor.exe
[1] F:\项目\南兴果仁\南兴果仁WMS智能仓储管理系统\FuJianApp\bin\Debug\FineUIPro.lic.dep.192_168_1_118.0c-96-e6-08-90-17.zip
[2] F:\项目\南兴果仁\南兴果仁WMS智能仓储管理系统\FuJianApp\bin\Debug
[3] F:\项目\南兴果仁\南兴果仁WMS智能仓储管理系统\FuJianApp\bin\Debug\NanXingCangKu.exe

Waiting for application process to exit...
BackgroundWorker started successfully.
Found total of 1 files and folders inside the zip file.
Extracting FineUIPro.lic.dep.192_168_1_118.0c-96-e6-08-90-17.config [100%]
Successfully launched the updated application.


2022年2月12日 15:23:50

ZipExtractor started with following command line arguments.
[0] F:\项目\南兴果仁\南兴果仁WMS智能仓储管理系统\FuJianApp\bin\Debug\ZipExtractor.exe


